<?xml version="1.0" encoding="UTF-8"?>
<!-- Generated by org.testng.reporters.JUnitReportReporter -->
<testsuite hostname="LIN-5CG5170QQZ" failures="0" tests="1" name="lambdaTestTestng.lambdatestscenarios.LambdaTestScenario1" time="7.314" errors="0" timestamp="2025-09-25T19:26:54 IST" skipped="0">
  <testcase classname="lambdaTestTestng.lambdatestscenarios.LambdaTestScenario1" name="ts01" time="7.314"/>
</testsuite> <!-- lambdaTestTestng.lambdatestscenarios.LambdaTestScenario1 -->
