<?xml version="1.0" encoding="UTF-8"?>
<!-- Generated by org.testng.reporters.JUnitReportReporter -->
<testsuite hostname="LIN-5CG5170QQZ" failures="0" tests="1" name="lambdaTestTestng.lambdatestscenarios.Lambdatestscenarios2" time="5.483" errors="0" timestamp="2025-09-25T19:26:54 IST" skipped="0">
  <testcase classname="lambdaTestTestng.lambdatestscenarios.Lambdatestscenarios2" name="ts02" time="5.483"/>
</testsuite> <!-- lambdaTestTestng.lambdatestscenarios.Lambdatestscenarios2 -->
