<?xml version="1.0" encoding="UTF-8"?>
<!-- Generated by org.testng.reporters.JUnitReportReporter -->
<testsuite hostname="LIN-5CG5162CM9" failures="0" tests="1" name="lambdaTestTestng.lambdatestscenarios.LambdaTestScenario1" time="6.799" errors="0" timestamp="2025-09-25T23:48:07 IST" skipped="0">
  <testcase classname="lambdaTestTestng.lambdatestscenarios.LambdaTestScenario1" name="ts01" time="6.799"/>
</testsuite> <!-- lambdaTestTestng.lambdatestscenarios.LambdaTestScenario1 -->
