<?xml version="1.0" encoding="UTF-8"?>
<!-- Generated by org.testng.reporters.JUnitReportReporter -->
<testsuite hostname="LIN-5CG5162CM9" failures="0" tests="1" name="lambdaTestTestng.lambdatestscenarios.LambdaTestScenario3" time="25.821" errors="0" timestamp="2025-09-25T23:48:07 IST" skipped="0">
  <testcase classname="lambdaTestTestng.lambdatestscenarios.LambdaTestScenario3" name="ts3" time="25.821"/>
</testsuite> <!-- lambdaTestTestng.lambdatestscenarios.LambdaTestScenario3 -->
